---------- Date: 2019-10-14 11:33:53 ~ IP : 103.252.53.218 ----------
REQUEST URI : /api/rest/products/413
MOD DETAILS:
   modFile   : /home/n4j7xo9m7hs6/public_html/vqmod/xml/install.xml
   id        : 
   version   : 1.0
   vqmver    : 
   author    : Opencart-api.com
VQModObject::parseMods - Could not resolve path for [system/library/currency.php] (SKIPPED)

File Name    : system/library/cart/customer.php(0)
VQModObject::applyMod - SEARCH NOT FOUND (ABORTING MOD): $customer_query = $this->db->query("SELECT * FROM " . DB_PREFIX . "customer WHERE LOWER(email) = '" . $this->db->escape(utf8_strtolower($email)) . "' AND status = '1'");
----------------------------------------------------------------------


---------- Date: 2019-10-14 12:03:20 ~ IP : 103.252.53.218 ----------
REQUEST URI : /api/rest/login
MOD DETAILS:
   modFile   : /home/n4j7xo9m7hs6/public_html/vqmod/xml/opencart_rest_api_login_with_phone.ocmod.xml
   id        : 
   version   : 1.0
   vqmver    : 
   author    : Opencart-api.com

File Name    : catalog/controller/rest/login.php(0)
VQModObject::applyMod - SEARCH NOT FOUND (ABORTING MOD): $email = $post['email'];
----------------------------------------------------------------------


